Logfile initialized
[INFO] logfile = /Users/mac34/Documents/Titanium_Studio_Workspace2/RajeevApp/build.log
[DEBUG] /Users/mac34/Library/Application Support/Titanium/mobilesdk/osx/2.1.4.GA/android/builder.py install RajeevApp /Users/mac34/Library/Application Support/Titanium/androidsdk /Users/mac34/Documents/Titanium_Studio_Workspace2/RajeevApp com.diaspark.RajeevApp 28
[INFO] Titanium SDK version: 2.1.4 (11/09/12 12:46 51f2c64)
[DEBUG] Waiting for device to be ready ...
[TRACE] adb devices returned 1 devices/emulators
[DEBUG] Device connected... (waited 0 seconds)
[DEBUG] waited 0.108279 seconds on emulator to get ready
[DEBUG] com.diaspark.RajeevApp installed? False
[INFO] Copying CommonJS modules...
[INFO] Copying project resources..
[TRACE] COPYING MODIFIED FILE: /Users/mac34/Documents/Titanium_Studio_Workspace2/RajeevApp/Resources/lib/birdhouse.js => /Users/mac34/Documents/Titanium_Studio_Workspace2/RajeevApp/build/android/bin/assets/Resources/lib/birdhouse.js
[TRACE] Generating Java Classes
[DEBUG] Processing Android resource drawables
[DEBUG] copying app icon: /Users/mac34/Documents/Titanium_Studio_Workspace2/RajeevApp/build/android/bin/assets/Resources/Facebook-icon.png
[DEBUG] generating theme.xml
[DEBUG] found drawable-long-land-hdpi splash screen at /Users/mac34/Documents/Titanium_Studio_Workspace2/RajeevApp/Resources/android/images/res-long-land-hdpi/default.png
[DEBUG] copying /Users/mac34/Documents/Titanium_Studio_Workspace2/RajeevApp/Resources/android/images/res-long-land-hdpi/default.png splash screen to /Users/mac34/Documents/Titanium_Studio_Workspace2/RajeevApp/build/android/res/drawable-long-land-hdpi/background.png
[DEBUG] found drawable-long-land-ldpi splash screen at /Users/mac34/Documents/Titanium_Studio_Workspace2/RajeevApp/Resources/android/images/res-long-land-ldpi/default.png
[DEBUG] copying /Users/mac34/Documents/Titanium_Studio_Workspace2/RajeevApp/Resources/android/images/res-long-land-ldpi/default.png splash screen to /Users/mac34/Documents/Titanium_Studio_Workspace2/RajeevApp/build/android/res/drawable-long-land-ldpi/background.png
[DEBUG] found drawable-long-port-hdpi splash screen at /Users/mac34/Documents/Titanium_Studio_Workspace2/RajeevApp/Resources/android/images/res-long-port-hdpi/default.png
[DEBUG] copying /Users/mac34/Documents/Titanium_Studio_Workspace2/RajeevApp/Resources/android/images/res-long-port-hdpi/default.png splash screen to /Users/mac34/Documents/Titanium_Studio_Workspace2/RajeevApp/build/android/res/drawable-long-port-hdpi/background.png
[DEBUG] found drawable-long-port-ldpi splash screen at /Users/mac34/Documents/Titanium_Studio_Workspace2/RajeevApp/Resources/android/images/res-long-port-ldpi/default.png
[DEBUG] copying /Users/mac34/Documents/Titanium_Studio_Workspace2/RajeevApp/Resources/android/images/res-long-port-ldpi/default.png splash screen to /Users/mac34/Documents/Titanium_Studio_Workspace2/RajeevApp/build/android/res/drawable-long-port-ldpi/background.png
[DEBUG] found drawable-notlong-land-hdpi splash screen at /Users/mac34/Documents/Titanium_Studio_Workspace2/RajeevApp/Resources/android/images/res-notlong-land-hdpi/default.png
[DEBUG] copying /Users/mac34/Documents/Titanium_Studio_Workspace2/RajeevApp/Resources/android/images/res-notlong-land-hdpi/default.png splash screen to /Users/mac34/Documents/Titanium_Studio_Workspace2/RajeevApp/build/android/res/drawable-notlong-land-hdpi/background.png
[DEBUG] found drawable-notlong-land-ldpi splash screen at /Users/mac34/Documents/Titanium_Studio_Workspace2/RajeevApp/Resources/android/images/res-notlong-land-ldpi/default.png
[DEBUG] copying /Users/mac34/Documents/Titanium_Studio_Workspace2/RajeevApp/Resources/android/images/res-notlong-land-ldpi/default.png splash screen to /Users/mac34/Documents/Titanium_Studio_Workspace2/RajeevApp/build/android/res/drawable-notlong-land-ldpi/background.png
[DEBUG] found drawable-notlong-land-mdpi splash screen at /Users/mac34/Documents/Titanium_Studio_Workspace2/RajeevApp/Resources/android/images/res-notlong-land-mdpi/default.png
[DEBUG] copying /Users/mac34/Documents/Titanium_Studio_Workspace2/RajeevApp/Resources/android/images/res-notlong-land-mdpi/default.png splash screen to /Users/mac34/Documents/Titanium_Studio_Workspace2/RajeevApp/build/android/res/drawable-notlong-land-mdpi/background.png
[DEBUG] found drawable-notlong-port-hdpi splash screen at /Users/mac34/Documents/Titanium_Studio_Workspace2/RajeevApp/Resources/android/images/res-notlong-port-hdpi/default.png
[DEBUG] copying /Users/mac34/Documents/Titanium_Studio_Workspace2/RajeevApp/Resources/android/images/res-notlong-port-hdpi/default.png splash screen to /Users/mac34/Documents/Titanium_Studio_Workspace2/RajeevApp/build/android/res/drawable-notlong-port-hdpi/background.png
[DEBUG] found drawable-notlong-port-ldpi splash screen at /Users/mac34/Documents/Titanium_Studio_Workspace2/RajeevApp/Resources/android/images/res-notlong-port-ldpi/default.png
[DEBUG] copying /Users/mac34/Documents/Titanium_Studio_Workspace2/RajeevApp/Resources/android/images/res-notlong-port-ldpi/default.png splash screen to /Users/mac34/Documents/Titanium_Studio_Workspace2/RajeevApp/build/android/res/drawable-notlong-port-ldpi/background.png
[DEBUG] found drawable-notlong-port-mdpi splash screen at /Users/mac34/Documents/Titanium_Studio_Workspace2/RajeevApp/Resources/android/images/res-notlong-port-mdpi/default.png
[DEBUG] copying /Users/mac34/Documents/Titanium_Studio_Workspace2/RajeevApp/Resources/android/images/res-notlong-port-mdpi/default.png splash screen to /Users/mac34/Documents/Titanium_Studio_Workspace2/RajeevApp/build/android/res/drawable-notlong-port-mdpi/background.png
[DEBUG] found splash screen at /Users/mac34/Documents/Titanium_Studio_Workspace2/RajeevApp/build/android/bin/assets/Resources/default.png
[TRACE] Writing out AndroidManifest.xml
[DEBUG] adding /Users/mac34/Documents/Titanium_Studio_Workspace2/RajeevApp/build/android/gen/com/diaspark/RajeevApp/R.java to javac build list
[DEBUG] adding /Users/mac34/Documents/Titanium_Studio_Workspace2/RajeevApp/build/android/gen/com/diaspark/RajeevApp/RajeevappActivity.java to javac build list
[DEBUG] adding /Users/mac34/Documents/Titanium_Studio_Workspace2/RajeevApp/build/android/gen/com/diaspark/RajeevApp/RajeevappAppInfo.java to javac build list
[DEBUG] adding /Users/mac34/Documents/Titanium_Studio_Workspace2/RajeevApp/build/android/gen/com/diaspark/RajeevApp/RajeevappApplication.java to javac build list
[DEBUG] Building Java Sources: "/Users/mac34/Documents/Titanium_Studio_Workspace2/RajeevApp/build/android/gen/com/diaspark/RajeevApp/R.java" "/Users/mac34/Documents/Titanium_Studio_Workspace2/RajeevApp/build/android/gen/com/diaspark/RajeevApp/RajeevappActivity.java" "/Users/mac34/Documents/Titanium_Studio_Workspace2/RajeevApp/build/android/gen/com/diaspark/RajeevApp/RajeevappAppInfo.java" "/Users/mac34/Documents/Titanium_Studio_Workspace2/RajeevApp/build/android/gen/com/diaspark/RajeevApp/RajeevappApplication.java"
[INFO] Compiling Android Resources... This could take some time
[DEBUG] Android classes.dex built
[DEBUG] creating unsigned apk: /Users/mac34/Documents/Titanium_Studio_Workspace2/RajeevApp/build/android/bin/app-unsigned.apk
[DEBUG] from resource zip => assets/Resources/images/background.png
[DEBUG] from resource zip => assets/Resources/images/button1.jpg
[DEBUG] from resource zip => assets/Resources/images/tab1.png
[DEBUG] from resource zip => assets/Resources/images/tab2.jpg
[DEBUG] from resource zip => assets/Resources/images/tab2.png
[DEBUG] from resource zip => assets/Resources/images/user.jpg
[DEBUG] from resource zip => assets/Resources/jsfiles/facebook.js
[DEBUG] from resource zip => assets/Resources/jsfiles/getStatus.js
[DEBUG] from resource zip => assets/Resources/jsfiles/option.js
[DEBUG] from resource zip => assets/Resources/jsfiles/searchFriend.js
[DEBUG] from resource zip => assets/Resources/jsfiles/tweetWin.js
[DEBUG] from resource zip => assets/Resources/jsfiles/wallPost.js
[DEBUG] from resource zip => assets/Resources/lib/birdhouse.js
[DEBUG] from resource zip => assets/Resources/lib/oauth.js
[DEBUG] from resource zip => assets/Resources/lib/sha1.js
[DEBUG] from resource zip => assets/Resources/ui/common/FirstView.js
[DEBUG] from resource zip => assets/Resources/ui/handheld/android/ApplicationWindow.js
[DEBUG] from resource zip => assets/Resources/ui/handheld/ApplicationWindow.js
[DEBUG] from resource zip => assets/Resources/ui/tablet/ApplicationWindow.js
[DEBUG] from resource zip => assets/Resources/Facebook-icon.png
[DEBUG] from resource zip => assets/Resources/KS_nav_ui.png
[DEBUG] from resource zip => assets/Resources/KS_nav_views.png
[DEBUG] from resource zip => assets/Resources/app.js
[DEBUG] from resource zip => assets/Resources/appicon.png
[DEBUG] from resource zip => assets/Resources/default.png
[DEBUG] from resource zip => assets/app.json
[DEBUG] from resource zip => assets/index.json
[DEBUG] from resource zip => assets/tiapp.xml
[DEBUG] from resource zip => res/drawable/appicon.png
[DEBUG] from resource zip => res/drawable/background.png
[DEBUG] from resource zip => res/drawable/close.png
[DEBUG] from resource zip => res/drawable/facebook_login.png
[DEBUG] from resource zip => res/drawable/facebook_login_down.png
[DEBUG] from resource zip => res/drawable/facebook_login_wide.png
[DEBUG] from resource zip => res/drawable/facebook_login_wide_down.png
[DEBUG] from resource zip => res/drawable/facebook_logout.png
[DEBUG] from resource zip => res/drawable/facebook_logout_down.png
[DEBUG] from resource zip => res/layout/titanium_tabgroup.xml
[DEBUG] from resource zip => AndroidManifest.xml
[DEBUG] from resource zip => resources.arsc
[DEBUG] from resource zip => res/drawable-hdpi/close.png
[DEBUG] from resource zip => res/drawable-ldpi/close.png
[DEBUG] from resource zip => res/drawable-long-land-hdpi/background.png
[DEBUG] from resource zip => res/drawable-long-land-ldpi/background.png
[DEBUG] from resource zip => res/drawable-long-port-hdpi/background.png
[DEBUG] from resource zip => res/drawable-long-port-ldpi/background.png
[DEBUG] from resource zip => res/drawable-notlong-land-hdpi/background.png
[DEBUG] from resource zip => res/drawable-notlong-land-ldpi/background.png
[DEBUG] from resource zip => res/drawable-notlong-land-mdpi/background.png
[DEBUG] from resource zip => res/drawable-notlong-port-hdpi/background.png
[DEBUG] from resource zip => res/drawable-notlong-port-ldpi/background.png
[DEBUG] from resource zip => res/drawable-notlong-port-mdpi/background.png
[DEBUG] from JAR /Users/mac34/Library/Application Support/Titanium/mobilesdk/osx/2.1.4.GA/android/thirdparty.jar => org/apache/Commons-NOTICE.txt
[DEBUG] from JAR /Users/mac34/Library/Application Support/Titanium/mobilesdk/osx/2.1.4.GA/android/thirdparty.jar => org/apache/HttpComponents-NOTICE.txt
[DEBUG] from JAR /Users/mac34/Library/Application Support/Titanium/mobilesdk/osx/2.1.4.GA/android/thirdparty.jar => org/apache/mime4j-NOTICE.txt
[DEBUG] from JAR /Users/mac34/Library/Application Support/Titanium/mobilesdk/osx/2.1.4.GA/android/modules/titanium-ui.jar => ti/modules/titanium/ui/widget/webview/binding.js
[DEBUG] from JAR /Users/mac34/Library/Application Support/Titanium/mobilesdk/osx/2.1.4.GA/android/modules/titanium-ui.jar => ti/modules/titanium/ui/widget/webview/binding.min.js
[DEBUG] from JAR /Users/mac34/Library/Application Support/Titanium/mobilesdk/osx/2.1.4.GA/android/modules/titanium-ui.jar => ti/modules/titanium/ui/widget/webview/json2.js
[DEBUG] from JAR /Users/mac34/Library/Application Support/Titanium/mobilesdk/osx/2.1.4.GA/android/modules/titanium-ui.jar => ti/modules/titanium/ui/widget/webview/polling.js
[DEBUG] from JAR /Users/mac34/Library/Application Support/Titanium/mobilesdk/osx/2.1.4.GA/android/modules/titanium-ui.jar => ti/modules/titanium/ui/widget/webview/polling.min.js
[DEBUG] from JAR /Users/mac34/Library/Application Support/Titanium/mobilesdk/osx/2.1.4.GA/android/titanium.jar => org/appcelerator/titanium/build.properties
[DEBUG] from JAR /Users/mac34/Library/Application Support/Titanium/mobilesdk/osx/2.1.4.GA/android/titanium.jar => org/appcelerator/titanium/res/drawable/background.png
[DEBUG] from JAR /Users/mac34/Library/Application Support/Titanium/mobilesdk/osx/2.1.4.GA/android/titanium.jar => org/appcelerator/titanium/res/drawable/btn_check_buttonless_on.png
[DEBUG] from JAR /Users/mac34/Library/Application Support/Titanium/mobilesdk/osx/2.1.4.GA/android/titanium.jar => org/appcelerator/titanium/res/drawable/btn_check_buttonless_on_18.png
[DEBUG] from JAR /Users/mac34/Library/Application Support/Titanium/mobilesdk/osx/2.1.4.GA/android/titanium.jar => org/appcelerator/titanium/res/drawable/btn_check_buttonless_on_48.png
[DEBUG] from JAR /Users/mac34/Library/Application Support/Titanium/mobilesdk/osx/2.1.4.GA/android/titanium.jar => org/appcelerator/titanium/res/drawable/btn_more.png
[DEBUG] from JAR /Users/mac34/Library/Application Support/Titanium/mobilesdk/osx/2.1.4.GA/android/titanium.jar => org/appcelerator/titanium/res/drawable/btn_more_18.png
[DEBUG] from JAR /Users/mac34/Library/Application Support/Titanium/mobilesdk/osx/2.1.4.GA/android/titanium.jar => org/appcelerator/titanium/res/drawable/btn_more_48.png
[DEBUG] from JAR /Users/mac34/Library/Application Support/Titanium/mobilesdk/osx/2.1.4.GA/android/titanium.jar => org/appcelerator/titanium/res/drawable/btn_picker_normal.9.png
[DEBUG] from JAR /Users/mac34/Library/Application Support/Titanium/mobilesdk/osx/2.1.4.GA/android/titanium.jar => org/appcelerator/titanium/res/drawable/btn_picker_pressed.9.png
[DEBUG] from JAR /Users/mac34/Library/Application Support/Titanium/mobilesdk/osx/2.1.4.GA/android/titanium.jar => org/appcelerator/titanium/res/drawable/btn_picker_selected.9.png
[DEBUG] from JAR /Users/mac34/Library/Application Support/Titanium/mobilesdk/osx/2.1.4.GA/android/titanium.jar => org/appcelerator/titanium/res/drawable/default_icon.png
[DEBUG] from JAR /Users/mac34/Library/Application Support/Titanium/mobilesdk/osx/2.1.4.GA/android/titanium.jar => org/appcelerator/titanium/res/drawable/photoDefault.png
[DEBUG] from JAR /Users/mac34/Library/Application Support/Titanium/mobilesdk/osx/2.1.4.GA/android/modules/titanium-facebook.jar => ti/modules/titanium/facebook/LICENSE
[DEBUG] installing native SDK libs
[DEBUG] Waiting for device to be ready ...
[TRACE] adb devices returned 1 devices/emulators
[DEBUG] Device connected... (waited 0 seconds)
[DEBUG] waited 0.015689 seconds on emulator to get ready
[INFO] Installing application on device
[INFO] Application installed. Launch from drawer on Home Screen
